0 info it worked if it ends with ok
1 verbose cli [ '/usr/local/bin/node', '/usr/local/bin/npm', 'install' ]
2 info using npm@1.4.28
3 info using node@v0.10.33
4 verbose readDependencies using package.json deps
5 verbose install where, deps [ '/Users/randeepsingh85/Desktop/test/CMPE295B/web-server',
5 verbose install   [ 'express', 'hbs', 'mongoose' ] ]
6 info preinstall campusboard@0.0.1
7 verbose readDependencies using package.json deps
8 verbose cache add [ 'hbs@2.4.0', null ]
9 verbose cache add name=undefined spec="hbs@2.4.0" args=["hbs@2.4.0",null]
10 verbose parsed url { protocol: null,
10 verbose parsed url   slashes: null,
10 verbose parsed url   auth: null,
10 verbose parsed url   host: null,
10 verbose parsed url   port: null,
10 verbose parsed url   hostname: null,
10 verbose parsed url   hash: null,
10 verbose parsed url   search: null,
10 verbose parsed url   query: null,
10 verbose parsed url   pathname: 'hbs@2.4.0',
10 verbose parsed url   path: 'hbs@2.4.0',
10 verbose parsed url   href: 'hbs@2.4.0' }
11 verbose cache add [ 'mongoose@3.8.1', null ]
12 verbose cache add name=undefined spec="mongoose@3.8.1" args=["mongoose@3.8.1",null]
13 verbose parsed url { protocol: null,
13 verbose parsed url   slashes: null,
13 verbose parsed url   auth: null,
13 verbose parsed url   host: null,
13 verbose parsed url   port: null,
13 verbose parsed url   hostname: null,
13 verbose parsed url   hash: null,
13 verbose parsed url   search: null,
13 verbose parsed url   query: null,
13 verbose parsed url   pathname: 'mongoose@3.8.1',
13 verbose parsed url   path: 'mongoose@3.8.1',
13 verbose parsed url   href: 'mongoose@3.8.1' }
14 verbose cache add [ 'express@3.4.4', null ]
15 verbose cache add name=undefined spec="express@3.4.4" args=["express@3.4.4",null]
16 verbose parsed url { protocol: null,
16 verbose parsed url   slashes: null,
16 verbose parsed url   auth: null,
16 verbose parsed url   host: null,
16 verbose parsed url   port: null,
16 verbose parsed url   hostname: null,
16 verbose parsed url   hash: null,
16 verbose parsed url   search: null,
16 verbose parsed url   query: null,
16 verbose parsed url   pathname: 'express@3.4.4',
16 verbose parsed url   path: 'express@3.4.4',
16 verbose parsed url   href: 'express@3.4.4' }
17 verbose cache add name="hbs" spec="2.4.0" args=["hbs","2.4.0"]
18 verbose parsed url { protocol: null,
18 verbose parsed url   slashes: null,
18 verbose parsed url   auth: null,
18 verbose parsed url   host: null,
18 verbose parsed url   port: null,
18 verbose parsed url   hostname: null,
18 verbose parsed url   hash: null,
18 verbose parsed url   search: null,
18 verbose parsed url   query: null,
18 verbose parsed url   pathname: '2.4.0',
18 verbose parsed url   path: '2.4.0',
18 verbose parsed url   href: '2.4.0' }
19 verbose addNamed [ 'hbs', '2.4.0' ]
20 verbose addNamed [ '2.4.0', '2.4.0' ]
21 verbose cache add name="mongoose" spec="3.8.1" args=["mongoose","3.8.1"]
22 verbose parsed url { protocol: null,
22 verbose parsed url   slashes: null,
22 verbose parsed url   auth: null,
22 verbose parsed url   host: null,
22 verbose parsed url   port: null,
22 verbose parsed url   hostname: null,
22 verbose parsed url   hash: null,
22 verbose parsed url   search: null,
22 verbose parsed url   query: null,
22 verbose parsed url   pathname: '3.8.1',
22 verbose parsed url   path: '3.8.1',
22 verbose parsed url   href: '3.8.1' }
23 verbose addNamed [ 'mongoose', '3.8.1' ]
24 verbose addNamed [ '3.8.1', '3.8.1' ]
25 verbose cache add name="express" spec="3.4.4" args=["express","3.4.4"]
26 verbose parsed url { protocol: null,
26 verbose parsed url   slashes: null,
26 verbose parsed url   auth: null,
26 verbose parsed url   host: null,
26 verbose parsed url   port: null,
26 verbose parsed url   hostname: null,
26 verbose parsed url   hash: null,
26 verbose parsed url   search: null,
26 verbose parsed url   query: null,
26 verbose parsed url   pathname: '3.4.4',
26 verbose parsed url   path: '3.4.4',
26 verbose parsed url   href: '3.4.4' }
27 verbose addNamed [ 'express', '3.4.4' ]
28 verbose addNamed [ '3.4.4', '3.4.4' ]
29 silly lockFile b8bfdcc3-hbs-2-4-0 hbs@2.4.0
30 verbose lock hbs@2.4.0 /Users/randeepsingh85/.npm/b8bfdcc3-hbs-2-4-0.lock
31 silly lockFile 4fbee304-mongoose-3-8-1 mongoose@3.8.1
32 verbose lock mongoose@3.8.1 /Users/randeepsingh85/.npm/4fbee304-mongoose-3-8-1.lock
33 silly lockFile edcc27a2-express-3-4-4 express@3.4.4
34 verbose lock express@3.4.4 /Users/randeepsingh85/.npm/edcc27a2-express-3-4-4.lock
35 verbose request where is /mongoose
36 verbose request registry https://registry.npmjs.org/
37 verbose request id 2c2b79fac0fac7e2
38 verbose url raw /mongoose
39 verbose url resolving [ 'https://registry.npmjs.org/', './mongoose' ]
40 verbose url resolved https://registry.npmjs.org/mongoose
41 verbose request where is https://registry.npmjs.org/mongoose
42 info trying registry request attempt 1 at 23:20:28
43 http GET https://registry.npmjs.org/mongoose
44 verbose request where is /hbs
45 verbose request registry https://registry.npmjs.org/
46 verbose url raw /hbs
47 verbose url resolving [ 'https://registry.npmjs.org/', './hbs' ]
48 verbose url resolved https://registry.npmjs.org/hbs
49 verbose request where is https://registry.npmjs.org/hbs
50 info trying registry request attempt 1 at 23:20:28
51 verbose etag "1MS2X4DCHHN4S6AGG4ZQWUZ7S"
52 http GET https://registry.npmjs.org/hbs
53 http 304 https://registry.npmjs.org/hbs
54 silly registry.get cb [ 304,
54 silly registry.get   { date: 'Sun, 26 Apr 2015 06:20:28 GMT',
54 silly registry.get     server: 'Apache',
54 silly registry.get     via: '1.1 varnish',
54 silly registry.get     'last-modified': 'Sun, 26 Apr 2015 06:20:28 GMT',
54 silly registry.get     'cache-control': 'max-age=60',
54 silly registry.get     etag: '"1MS2X4DCHHN4S6AGG4ZQWUZ7S"',
54 silly registry.get     age: '0',
54 silly registry.get     'x-served-by': 'cache-lax1425-LAX',
54 silly registry.get     'x-cache': 'MISS',
54 silly registry.get     'x-cache-hits': '0',
54 silly registry.get     'x-timer': 'S1430029228.806622,VS0,VE77',
54 silly registry.get     vary: 'Accept',
54 silly registry.get     'content-length': '0',
54 silly registry.get     'keep-alive': 'timeout=10, max=50',
54 silly registry.get     connection: 'Keep-Alive' } ]
55 verbose etag https://registry.npmjs.org/hbs from cache
56 silly lockFile eb68f30c-stry-npmjs-org-hbs-hbs-2-4-0-tgz https://registry.npmjs.org/hbs/-/hbs-2.4.0.tgz
57 verbose lock https://registry.npmjs.org/hbs/-/hbs-2.4.0.tgz /Users/randeepsingh85/.npm/eb68f30c-stry-npmjs-org-hbs-hbs-2-4-0-tgz.lock
58 verbose addRemoteTarball [ 'https://registry.npmjs.org/hbs/-/hbs-2.4.0.tgz',
58 verbose addRemoteTarball   'f4c956cb660d6974dc61214b7c49a21f6aaa3f51' ]
59 info retry fetch attempt 1 at 23:20:28
60 verbose fetch to= /var/folders/my/vly8cprd6r1bpqn8ym6x1g6m0000gn/T/npm-4568-oVKkS1R5/registry.npmjs.org/hbs/-/hbs-2.4.0.tgz
61 http GET https://registry.npmjs.org/hbs/-/hbs-2.4.0.tgz
62 verbose request where is /express
63 verbose request registry https://registry.npmjs.org/
64 verbose url raw /express
65 verbose url resolving [ 'https://registry.npmjs.org/', './express' ]
66 verbose url resolved https://registry.npmjs.org/express
67 verbose request where is https://registry.npmjs.org/express
68 info trying registry request attempt 1 at 23:20:28
69 verbose etag "35G58KOR0JKE7GSUJFXNGPUZU"
70 http GET https://registry.npmjs.org/express
71 http 200 https://registry.npmjs.org/hbs/-/hbs-2.4.0.tgz
72 silly lockFile eb68f30c-stry-npmjs-org-hbs-hbs-2-4-0-tgz https://registry.npmjs.org/hbs/-/hbs-2.4.0.tgz
73 silly lockFile eb68f30c-stry-npmjs-org-hbs-hbs-2-4-0-tgz https://registry.npmjs.org/hbs/-/hbs-2.4.0.tgz
74 silly lockFile b8bfdcc3-hbs-2-4-0 hbs@2.4.0
75 silly lockFile b8bfdcc3-hbs-2-4-0 hbs@2.4.0
76 http 304 https://registry.npmjs.org/express
77 silly registry.get cb [ 304,
77 silly registry.get   { date: 'Sun, 26 Apr 2015 06:20:29 GMT',
77 silly registry.get     server: 'Apache',
77 silly registry.get     via: '1.1 varnish',
77 silly registry.get     'last-modified': 'Sun, 26 Apr 2015 06:20:29 GMT',
77 silly registry.get     'cache-control': 'max-age=60',
77 silly registry.get     etag: '"35G58KOR0JKE7GSUJFXNGPUZU"',
77 silly registry.get     age: '21',
77 silly registry.get     'x-served-by': 'cache-lax1421-LAX',
77 silly registry.get     'x-cache': 'HIT',
77 silly registry.get     'x-cache-hits': '1',
77 silly registry.get     'x-timer': 'S1430029229.107760,VS0,VE1',
77 silly registry.get     vary: 'Accept',
77 silly registry.get     'content-length': '0',
77 silly registry.get     'keep-alive': 'timeout=10, max=50',
77 silly registry.get     connection: 'Keep-Alive' } ]
78 verbose etag https://registry.npmjs.org/express from cache
79 silly lockFile edcc27a2-express-3-4-4 express@3.4.4
80 silly lockFile edcc27a2-express-3-4-4 express@3.4.4
81 http 200 https://registry.npmjs.org/mongoose
82 silly registry.get cb [ 200,
82 silly registry.get   { date: 'Sun, 26 Apr 2015 06:20:28 GMT',
82 silly registry.get     server: 'CouchDB/1.5.0 (Erlang OTP/R16B03)',
82 silly registry.get     etag: '"18QY7GZOKE146YCLDPIYJLRN3"',
82 silly registry.get     'content-type': 'application/json',
82 silly registry.get     'cache-control': 'max-age=60',
82 silly registry.get     'content-length': '313898',
82 silly registry.get     'accept-ranges': 'bytes',
82 silly registry.get     via: '1.1 varnish',
82 silly registry.get     age: '0',
82 silly registry.get     'x-served-by': 'cache-lax1423-LAX',
82 silly registry.get     'x-cache': 'HIT',
82 silly registry.get     'x-cache-hits': '1',
82 silly registry.get     'x-timer': 'S1430029228.786710,VS0,VE184',
82 silly registry.get     vary: 'Accept',
82 silly registry.get     'keep-alive': 'timeout=10, max=50',
82 silly registry.get     connection: 'Keep-Alive' } ]
83 silly lockFile c4ae67ae--org-mongoose-mongoose-3-8-1-tgz https://registry.npmjs.org/mongoose/-/mongoose-3.8.1.tgz
84 verbose lock https://registry.npmjs.org/mongoose/-/mongoose-3.8.1.tgz /Users/randeepsingh85/.npm/c4ae67ae--org-mongoose-mongoose-3-8-1-tgz.lock
85 verbose addRemoteTarball [ 'https://registry.npmjs.org/mongoose/-/mongoose-3.8.1.tgz',
85 verbose addRemoteTarball   '1efe17d259ae2905330a3b2d91ba4085a090f6b8' ]
86 info retry fetch attempt 1 at 23:20:29
87 verbose fetch to= /var/folders/my/vly8cprd6r1bpqn8ym6x1g6m0000gn/T/npm-4568-oVKkS1R5/registry.npmjs.org/mongoose/-/mongoose-3.8.1.tgz
88 http GET https://registry.npmjs.org/mongoose/-/mongoose-3.8.1.tgz
89 http 200 https://registry.npmjs.org/mongoose/-/mongoose-3.8.1.tgz
90 silly lockFile c4ae67ae--org-mongoose-mongoose-3-8-1-tgz https://registry.npmjs.org/mongoose/-/mongoose-3.8.1.tgz
91 silly lockFile c4ae67ae--org-mongoose-mongoose-3-8-1-tgz https://registry.npmjs.org/mongoose/-/mongoose-3.8.1.tgz
92 silly lockFile 4fbee304-mongoose-3-8-1 mongoose@3.8.1
93 silly lockFile 4fbee304-mongoose-3-8-1 mongoose@3.8.1
94 error Error: EACCES, mkdir '/Users/randeepsingh85/.npm/hbs/2.4.0'
94 error  { [Error: EACCES, mkdir '/Users/randeepsingh85/.npm/hbs/2.4.0']
94 error   errno: 3,
94 error   code: 'EACCES',
94 error   path: '/Users/randeepsingh85/.npm/hbs/2.4.0',
94 error   parent: 'campusboard' }
95 error Please try running this command again as root/Administrator.
96 error System Darwin 14.1.0
97 error command "/usr/local/bin/node" "/usr/local/bin/npm" "install"
98 error cwd /Users/randeepsingh85/Desktop/test/CMPE295B/web-server
99 error node -v v0.10.33
100 error npm -v 1.4.28
101 error path /Users/randeepsingh85/.npm/hbs/2.4.0
102 error code EACCES
103 error errno 3
104 error stack Error: EACCES, mkdir '/Users/randeepsingh85/.npm/hbs/2.4.0'
105 verbose exit [ 3, true ]
